<?xml version="1.0" encoding="UTF-8"?>
<!-- Generated by org.testng.reporters.JUnitReportReporter -->
<testsuite hostname="VINAYAK" failures="0" tests="1" name="Internal.CybageCorporateWebsiteReDesign.HomePage" time="97.745" errors="0" timestamp="2022-06-10T16:17:39 IST" skipped="0">
  <testcase classname="Internal.CybageCorporateWebsiteReDesign.HomePage" name="basePagenavigation" time="97.745"/>
  <system-out/>
</testsuite> <!-- Internal.CybageCorporateWebsiteReDesign.HomePage -->
